{
  "stats": {
    "suites": 1,
    "tests": 1,
    "passes": 1,
    "pending": 0,
    "failures": 0,
    "start": "2022-06-02T04:54:00.421Z",
    "end": "2022-06-02T04:54:26.641Z",
    "duration": 26220,
    "testsRegistered": 1,
    "passPercent": 100,
    "pendingPercent": 0,
    "other": 0,
    "hasOther": false,
    "skipped": 0,
    "hasSkipped": false
  },
  "results": [
    {
      "uuid": "26430e4f-894e-4568-895c-7ff19a583dc9",
      "title": "",
      "fullFile": "cypress/integration/testDataDriven.spec.js",
      "file": "cypress/integration/testDataDriven.spec.js",
      "beforeHooks": [],
      "afterHooks": [],
      "tests": [],
      "suites": [
        {
          "uuid": "209860f1-6a6f-4d17-b72d-d50c13e5dad8",
          "title": "First test with page object",
          "fullFile": "",
          "file": "",
          "beforeHooks": [],
          "afterHooks": [],
          "tests": [
            {
              "title": "first test",
              "fullTitle": "First test with page object first test",
              "timedOut": null,
              "duration": 26092,
              "state": "passed",
              "speed": "slow",
              "pass": true,
              "fail": false,
              "pending": false,
              "context": null,
              "code": "_searchEngine.searchEngine.fillDestination(this.signInData.destination);",
              "err": {},
              "uuid": "251d2365-910c-4457-869b-9af980b2b8ff",
              "parentUUID": "209860f1-6a6f-4d17-b72d-d50c13e5dad8",
              "isHook": false,
              "skipped": false
            }
          ],
          "suites": [],
          "passes": [
            "251d2365-910c-4457-869b-9af980b2b8ff"
          ],
          "failures": [],
          "pending": [],
          "skipped": [],
          "duration": 26092,
          "root": false,
          "rootEmpty": false,
          "_timeout": 2000
        }
      ],
      "passes": [],
      "failures": [],
      "pending": [],
      "skipped": [],
      "duration": 0,
      "root": true,
      "rootEmpty": true,
      "_timeout": 2000
    }
  ],
  "meta": {
    "mocha": {
      "version": "7.0.1"
    },
    "mochawesome": {
      "options": {
        "quiet": false,
        "reportFilename": "mochawesome",
        "saveHtml": false,
        "saveJson": true,
        "consoleReporter": "spec",
        "useInlineDiffs": false,
        "code": true
      },
      "version": "7.1.3"
    },
    "marge": {
      "options": {
        "id": "default",
        "reportDir": "cypress/results/mochawesome",
        "overwrite": false,
        "html": false,
        "json": true
      },
      "version": "6.2.0"
    }
  }
}