{
  "stats": {
    "suites": 1,
    "tests": 1,
    "passes": 1,
    "pending": 0,
    "failures": 0,
    "start": "2022-05-27T08:00:47.040Z",
    "end": "2022-05-27T08:01:15.628Z",
    "duration": 28588,
    "testsRegistered": 1,
    "passPercent": 100,
    "pendingPercent": 0,
    "other": 0,
    "hasOther": false,
    "skipped": 0,
    "hasSkipped": false
  },
  "results": [
    {
      "uuid": "a90ff08d-0f82-4a13-8699-240f896d73c3",
      "title": "",
      "fullFile": "cypress/integration/testWithPageObjects.js",
      "file": "cypress/integration/testWithPageObjects.js",
      "beforeHooks": [],
      "afterHooks": [],
      "tests": [],
      "suites": [
        {
          "uuid": "7c4f34ba-2cf3-426c-9747-97f268d5ce36",
          "title": "First test with page object",
          "fullFile": "",
          "file": "",
          "beforeHooks": [],
          "afterHooks": [],
          "tests": [
            {
              "title": "first test",
              "fullTitle": "First test with page object first test",
              "timedOut": null,
              "duration": 28461,
              "state": "passed",
              "speed": "slow",
              "pass": true,
              "fail": false,
              "pending": false,
              "context": null,
              "code": "_navigateComponent.navigationComponent.openBurgerMenu();\n_navigateComponent.navigationComponent.openFirstLinkInBurgerMenu();",
              "err": {},
              "uuid": "15f3d314-da1b-488b-85ba-ec910be319c3",
              "parentUUID": "7c4f34ba-2cf3-426c-9747-97f268d5ce36",
              "isHook": false,
              "skipped": false
            }
          ],
          "suites": [],
          "passes": [
            "15f3d314-da1b-488b-85ba-ec910be319c3"
          ],
          "failures": [],
          "pending": [],
          "skipped": [],
          "duration": 28461,
          "root": false,
          "rootEmpty": false,
          "_timeout": 2000
        }
      ],
      "passes": [],
      "failures": [],
      "pending": [],
      "skipped": [],
      "duration": 0,
      "root": true,
      "rootEmpty": true,
      "_timeout": 2000
    }
  ],
  "meta": {
    "mocha": {
      "version": "7.0.1"
    },
    "mochawesome": {
      "options": {
        "quiet": false,
        "reportFilename": "mochawesome",
        "saveHtml": false,
        "saveJson": true,
        "consoleReporter": "spec",
        "useInlineDiffs": false,
        "code": true
      },
      "version": "7.1.3"
    },
    "marge": {
      "options": {
        "id": "default",
        "reportDir": "cypress/results/mochawesome",
        "overwrite": false,
        "html": false,
        "json": true
      },
      "version": "6.2.0"
    }
  }
}