{
  "stats": {
    "suites": 1,
    "tests": 1,
    "passes": 1,
    "pending": 0,
    "failures": 0,
    "start": "2022-05-27T07:50:22.997Z",
    "end": "2022-05-27T07:50:49.515Z",
    "duration": 26518,
    "testsRegistered": 1,
    "passPercent": 100,
    "pendingPercent": 0,
    "other": 0,
    "hasOther": false,
    "skipped": 0,
    "hasSkipped": false
  },
  "results": [
    {
      "uuid": "f0e020a5-fed4-4c1d-a87f-d585a12cbbb3",
      "title": "",
      "fullFile": "cypress/integration/testWithPageObjects.js",
      "file": "cypress/integration/testWithPageObjects.js",
      "beforeHooks": [],
      "afterHooks": [],
      "tests": [],
      "suites": [
        {
          "uuid": "d91f2340-b612-435f-9346-68f9c301bc46",
          "title": "First test with page object",
          "fullFile": "",
          "file": "",
          "beforeHooks": [],
          "afterHooks": [],
          "tests": [
            {
              "title": "first test",
              "fullTitle": "First test with page object first test",
              "timedOut": null,
              "duration": 26355,
              "state": "passed",
              "speed": "slow",
              "pass": true,
              "fail": false,
              "pending": false,
              "context": null,
              "code": "_navigateComponent.navigationComponent.openBurgerMenu();\n_navigateComponent.navigationComponent.openFirstLinkInBurgerMenu();",
              "err": {},
              "uuid": "90b1fd4e-7f04-4b46-a0a2-4250491cde01",
              "parentUUID": "d91f2340-b612-435f-9346-68f9c301bc46",
              "isHook": false,
              "skipped": false
            }
          ],
          "suites": [],
          "passes": [
            "90b1fd4e-7f04-4b46-a0a2-4250491cde01"
          ],
          "failures": [],
          "pending": [],
          "skipped": [],
          "duration": 26355,
          "root": false,
          "rootEmpty": false,
          "_timeout": 2000
        }
      ],
      "passes": [],
      "failures": [],
      "pending": [],
      "skipped": [],
      "duration": 0,
      "root": true,
      "rootEmpty": true,
      "_timeout": 2000
    }
  ],
  "meta": {
    "mocha": {
      "version": "7.0.1"
    },
    "mochawesome": {
      "options": {
        "quiet": false,
        "reportFilename": "mochawesome",
        "saveHtml": false,
        "saveJson": true,
        "consoleReporter": "spec",
        "useInlineDiffs": false,
        "code": true
      },
      "version": "7.1.3"
    },
    "marge": {
      "options": {
        "id": "default",
        "reportDir": "cypress/results/mochawesome",
        "overwrite": false,
        "html": false,
        "json": true
      },
      "version": "6.2.0"
    }
  }
}