{
  "stats": {
    "suites": 1,
    "tests": 1,
    "passes": 0,
    "pending": 0,
    "failures": 1,
    "start": "2022-05-27T10:47:39.190Z",
    "end": "2022-05-27T10:48:35.653Z",
    "duration": 56463,
    "testsRegistered": 1,
    "passPercent": 0,
    "pendingPercent": 0,
    "other": 0,
    "hasOther": false,
    "skipped": 0,
    "hasSkipped": false
  },
  "results": [
    {
      "uuid": "ff512dbc-a57f-45f3-b9ee-6d235360d5f4",
      "title": "",
      "fullFile": "cypress/integration/testWithPageObjects.js",
      "file": "cypress/integration/testWithPageObjects.js",
      "beforeHooks": [],
      "afterHooks": [],
      "tests": [],
      "suites": [
        {
          "uuid": "0f08d517-63ed-4b4f-9d4b-853962fe35a2",
          "title": "First test with page object",
          "fullFile": "",
          "file": "",
          "beforeHooks": [],
          "afterHooks": [],
          "tests": [
            {
              "title": "first test",
              "fullTitle": "First test with page object first test",
              "timedOut": null,
              "duration": 56441,
              "state": "failed",
              "speed": null,
              "pass": false,
              "fail": true,
              "pending": false,
              "context": null,
              "code": "_navigateComponent.navigationComponent.openBurgerMenu();\n_navigateComponent.navigationComponent.openFirstLinkInBurgerMenu();",
              "err": {
                "message": "CypressError: `cy.screenshot()` timed out waiting `30000ms` to complete.",
                "estack": "CypressError: `cy.screenshot()` timed out waiting `30000ms` to complete.\n    at https://all.accor.com/__cypress/runner/cypress_runner.js:165578:81\n    at tryCatcher (https://all.accor.com/__cypress/runner/cypress_runner.js:13022:23)\n    at https://all.accor.com/__cypress/runner/cypress_runner.js:8144:41\n    at tryCatcher (https://all.accor.com/__cypress/runner/cypress_runner.js:13022:23)\n    at Promise._settlePromiseFromHandler (https://all.accor.com/__cypress/runner/cypress_runner.js:10957:31)\n    at Promise._settlePromise (https://all.accor.com/__cypress/runner/cypress_runner.js:11014:18)\n    at Promise._settlePromise0 (https://all.accor.com/__cypress/runner/cypress_runner.js:11059:10)\n    at Promise._settlePromises (https://all.accor.com/__cypress/runner/cypress_runner.js:11135:18)\n    at _drainQueueStep (https://all.accor.com/__cypress/runner/cypress_runner.js:7729:12)\n    at _drainQueue (https://all.accor.com/__cypress/runner/cypress_runner.js:7722:9)\n    at Async.../../node_modules/bluebird/js/release/async.js.Async._drainQueues (https://all.accor.com/__cypress/runner/cypress_runner.js:7738:5)\n    at Async.drainQueues (https://all.accor.com/__cypress/runner/cypress_runner.js:7608:14)",
                "diff": null
              },
              "uuid": "b6794a7c-7ea8-4241-92e0-6185f99f23a7",
              "parentUUID": "0f08d517-63ed-4b4f-9d4b-853962fe35a2",
              "isHook": false,
              "skipped": false
            }
          ],
          "suites": [],
          "passes": [],
          "failures": [
            "b6794a7c-7ea8-4241-92e0-6185f99f23a7"
          ],
          "pending": [],
          "skipped": [],
          "duration": 56441,
          "root": false,
          "rootEmpty": false,
          "_timeout": 2000
        }
      ],
      "passes": [],
      "failures": [],
      "pending": [],
      "skipped": [],
      "duration": 0,
      "root": true,
      "rootEmpty": true,
      "_timeout": 2000
    }
  ],
  "meta": {
    "mocha": {
      "version": "7.0.1"
    },
    "mochawesome": {
      "options": {
        "quiet": false,
        "reportFilename": "mochawesome",
        "saveHtml": false,
        "saveJson": true,
        "consoleReporter": "spec",
        "useInlineDiffs": false,
        "code": true
      },
      "version": "7.1.3"
    },
    "marge": {
      "options": {
        "id": "default",
        "reportDir": "cypress/results/mochawesome",
        "overwrite": false,
        "html": false,
        "json": true
      },
      "version": "6.2.0"
    }
  }
}