{
  "stats": {
    "suites": 1,
    "tests": 1,
    "passes": 1,
    "pending": 0,
    "failures": 0,
    "start": "2022-05-27T07:43:59.244Z",
    "end": "2022-05-27T07:44:25.336Z",
    "duration": 26092,
    "testsRegistered": 1,
    "passPercent": 100,
    "pendingPercent": 0,
    "other": 0,
    "hasOther": false,
    "skipped": 0,
    "hasSkipped": false
  },
  "results": [
    {
      "uuid": "489e4880-b35b-4040-81a6-294102f45aad",
      "title": "",
      "fullFile": "cypress/integration/testWithPageObjects.js",
      "file": "cypress/integration/testWithPageObjects.js",
      "beforeHooks": [],
      "afterHooks": [],
      "tests": [],
      "suites": [
        {
          "uuid": "b4cda673-8e88-430b-9e4b-56bfcdf6dd52",
          "title": "First test with page object",
          "fullFile": "",
          "file": "",
          "beforeHooks": [],
          "afterHooks": [],
          "tests": [
            {
              "title": "first test",
              "fullTitle": "First test with page object first test",
              "timedOut": null,
              "duration": 25976,
              "state": "passed",
              "speed": "slow",
              "pass": true,
              "fail": false,
              "pending": false,
              "context": null,
              "code": "_navigateComponent.navigationComponent.openBurgerMenu();\n_navigateComponent.navigationComponent.openFirstLinkInBurgerMenu();",
              "err": {},
              "uuid": "f847f655-5e4c-492f-8e6d-a725ca22d5e6",
              "parentUUID": "b4cda673-8e88-430b-9e4b-56bfcdf6dd52",
              "isHook": false,
              "skipped": false
            }
          ],
          "suites": [],
          "passes": [
            "f847f655-5e4c-492f-8e6d-a725ca22d5e6"
          ],
          "failures": [],
          "pending": [],
          "skipped": [],
          "duration": 25976,
          "root": false,
          "rootEmpty": false,
          "_timeout": 2000
        }
      ],
      "passes": [],
      "failures": [],
      "pending": [],
      "skipped": [],
      "duration": 0,
      "root": true,
      "rootEmpty": true,
      "_timeout": 2000
    }
  ],
  "meta": {
    "mocha": {
      "version": "7.0.1"
    },
    "mochawesome": {
      "options": {
        "quiet": false,
        "reportFilename": "mochawesome",
        "saveHtml": false,
        "saveJson": true,
        "consoleReporter": "spec",
        "useInlineDiffs": false,
        "code": true
      },
      "version": "7.1.3"
    },
    "marge": {
      "options": {
        "id": "default",
        "reportDir": "cypress/results/mochawesome",
        "overwrite": false,
        "html": false,
        "json": true
      },
      "version": "6.2.0"
    }
  }
}