{
  "stats": {
    "suites": 1,
    "tests": 4,
    "passes": 3,
    "pending": 0,
    "failures": 1,
    "start": "2022-06-01T04:30:58.405Z",
    "end": "2022-06-01T04:32:33.131Z",
    "duration": 94726,
    "testsRegistered": 4,
    "passPercent": 75,
    "pendingPercent": 0,
    "other": 0,
    "hasOther": false,
    "skipped": 0,
    "hasSkipped": false
  },
  "results": [
    {
      "uuid": "a45fa491-af2b-4226-8888-419a9944a2c1",
      "title": "",
      "fullFile": "cypress/integration/firstTest.spec.js",
      "file": "cypress/integration/firstTest.spec.js",
      "beforeHooks": [],
      "afterHooks": [],
      "tests": [],
      "suites": [
        {
          "uuid": "a5578b43-6415-4d15-a7af-1a28f53deffc",
          "title": "First suite",
          "fullFile": "",
          "file": "",
          "beforeHooks": [],
          "afterHooks": [],
          "tests": [
            {
              "title": "check choose date in field",
              "fullTitle": "First suite check choose date in field",
              "timedOut": null,
              "duration": 38667,
              "state": "failed",
              "speed": null,
              "pass": false,
              "fail": true,
              "pending": false,
              "context": null,
              "code": "cy.visit('https://rec2-all.accor.com/france/index.fr.shtml');\ncy.xpath(\"//button[@id='onetrust-accept-btn-handler']\").then(acceptCookies => {\n  if (cy.wrap(acceptCookies).should('be.visible')) {\n    cy.wrap(acceptCookies).click();\n  }\n});\ncy.xpath(\"//input[@name='search.dateIn']\").click();\ncy.xpath(\"//*[@class='ui-datepicker-calendar']\").contains('26').click();\ncy.xpath(\"//input[@name='search.dateIn']\").should('have.value', '26/05/2022'); //  //    cy.xpath(\"//*[@class='burgerMenu__icon']\")",
              "err": {
                "message": "AssertionError: Timed out retrying after 4000ms: expected '<input#search-dateIn-boo.tArrivalDate.hasDatepicker>' to have value '26/05/2022', but the value was '26/06/2022'",
                "estack": "AssertionError: Timed out retrying after 4000ms: expected '<input#search-dateIn-boo.tArrivalDate.hasDatepicker>' to have value '26/05/2022', but the value was '26/06/2022'\n    at Context.eval (https://all.accor.com/__cypress/tests?p=cypress\\integration\\firstTest.spec.js:112:48)",
                "diff": "- '26/06/2022'\n+ '26/05/2022'\n"
              },
              "uuid": "97b6999d-911e-4a7c-a345-fbc733ed20de",
              "parentUUID": "a5578b43-6415-4d15-a7af-1a28f53deffc",
              "isHook": false,
              "skipped": false
            },
            {
              "title": "check click with list",
              "fullTitle": "First suite check click with list",
              "timedOut": null,
              "duration": 17034,
              "state": "passed",
              "speed": "slow",
              "pass": true,
              "fail": false,
              "pending": false,
              "context": null,
              "code": "cy.visit('https://rec2-all.accor.com/france/index.fr.shtml');\ncy.xpath(\"//button[@id='onetrust-accept-btn-handler']\").then(acceptCookies => {\n  if (cy.wrap(acceptCookies).should('be.visible')) {\n    cy.wrap(acceptCookies).click();\n  }\n});\ncy.xpath(\"//*[@class='burgerMenu__icon']\").click();\ncy.xpath(\"//*[contains(@class,'link-navigation__menu__link') and not(contains(@data-href,'my-bookings'))]\").then(menuLV1 => {\n  cy.wrap(menuLV1).first().trigger('mouseover').click();\n  cy.wrap(menuLV1).eq(2).trigger('mouseover');\n});",
              "err": {},
              "uuid": "d2e877c3-ec28-4e53-a37b-952092f2972a",
              "parentUUID": "a5578b43-6415-4d15-a7af-1a28f53deffc",
              "isHook": false,
              "skipped": false
            },
            {
              "title": "check click with list2",
              "fullTitle": "First suite check click with list2",
              "timedOut": null,
              "duration": 22656,
              "state": "passed",
              "speed": "slow",
              "pass": true,
              "fail": false,
              "pending": false,
              "context": null,
              "code": "cy.visit('https://rec2-all.accor.com/france/index.fr.shtml');\ncy.xpath(\"//button[@id='onetrust-accept-btn-handler']\").then(acceptCookies => {\n  if (cy.wrap(acceptCookies).should('be.visible')) {\n    cy.wrap(acceptCookies).click();\n  }\n});\ncy.xpath(\"//*[@class='burgerMenu__icon']\").click();\ncy.xpath(\"//*[contains(@class,'link-navigation__menu__link') and not(contains(@data-href,'my-bookings'))]\").then(menuLV1 => {\n  cy.wrap(menuLV1).first().trigger('mouseover').click();\n});",
              "err": {},
              "uuid": "b6f6c1df-40d1-42a8-8d8c-4f7b208f7dbf",
              "parentUUID": "a5578b43-6415-4d15-a7af-1a28f53deffc",
              "isHook": false,
              "skipped": false
            },
            {
              "title": "check click with list 3",
              "fullTitle": "First suite check click with list 3",
              "timedOut": null,
              "duration": 16164,
              "state": "passed",
              "speed": "slow",
              "pass": true,
              "fail": false,
              "pending": false,
              "context": null,
              "code": "cy.visit('https://rec2-all.accor.com/france/index.fr.shtml');\ncy.xpath(\"//button[@id='onetrust-accept-btn-handler']\").then(acceptCookies => {\n  if (cy.wrap(acceptCookies).should('be.visible')) {\n    cy.wrap(acceptCookies).click();\n  }\n});\ncy.xpath(\"//*[@class='burgerMenu__icon']\").click();\ncy.xpath(\"//*[contains(@class,'link-navigation__menu__link') and not(contains(@data-href,'my-bookings'))]\").then(menuLV1 => {\n  cy.wrap(menuLV1).first().trigger('mouseover').click();\n  cy.wrap(menuLV1).eq(2).trigger('mouseover');\n});",
              "err": {},
              "uuid": "fb094ad2-5cb6-4c94-be71-b68c75adbe88",
              "parentUUID": "a5578b43-6415-4d15-a7af-1a28f53deffc",
              "isHook": false,
              "skipped": false
            }
          ],
          "suites": [],
          "passes": [
            "d2e877c3-ec28-4e53-a37b-952092f2972a",
            "b6f6c1df-40d1-42a8-8d8c-4f7b208f7dbf",
            "fb094ad2-5cb6-4c94-be71-b68c75adbe88"
          ],
          "failures": [
            "97b6999d-911e-4a7c-a345-fbc733ed20de"
          ],
          "pending": [],
          "skipped": [],
          "duration": 94521,
          "root": false,
          "rootEmpty": false,
          "_timeout": 2000
        }
      ],
      "passes": [],
      "failures": [],
      "pending": [],
      "skipped": [],
      "duration": 0,
      "root": true,
      "rootEmpty": true,
      "_timeout": 2000
    }
  ],
  "meta": {
    "mocha": {
      "version": "7.0.1"
    },
    "mochawesome": {
      "options": {
        "quiet": false,
        "reportFilename": "mochawesome",
        "saveHtml": false,
        "saveJson": true,
        "consoleReporter": "spec",
        "useInlineDiffs": false,
        "code": true
      },
      "version": "7.1.3"
    },
    "marge": {
      "options": {
        "id": "default",
        "reportDir": "cypress/results/mochawesome",
        "overwrite": false,
        "html": false,
        "json": true
      },
      "version": "6.2.0"
    }
  }
}