{
  "stats": {
    "suites": 1,
    "tests": 4,
    "passes": 3,
    "pending": 0,
    "failures": 1,
    "start": "2022-06-02T04:52:12.873Z",
    "end": "2022-06-02T04:53:26.351Z",
    "duration": 73478,
    "testsRegistered": 4,
    "passPercent": 75,
    "pendingPercent": 0,
    "other": 0,
    "hasOther": false,
    "skipped": 0,
    "hasSkipped": false
  },
  "results": [
    {
      "uuid": "7a451c65-aa8b-447e-b15c-99df72691836",
      "title": "",
      "fullFile": "cypress/integration/firstTest.spec.js",
      "file": "cypress/integration/firstTest.spec.js",
      "beforeHooks": [],
      "afterHooks": [],
      "tests": [],
      "suites": [
        {
          "uuid": "3eea843b-5890-449a-b954-dda29863b3c4",
          "title": "First suite",
          "fullFile": "",
          "file": "",
          "beforeHooks": [],
          "afterHooks": [],
          "tests": [
            {
              "title": "check choose date in field",
              "fullTitle": "First suite check choose date in field",
              "timedOut": null,
              "duration": 29065,
              "state": "failed",
              "speed": null,
              "pass": false,
              "fail": true,
              "pending": false,
              "context": null,
              "code": "cy.visit('https://rec2-all.accor.com/france/index.fr.shtml');\ncy.xpath(\"//button[@id='onetrust-accept-btn-handler']\").then(acceptCookies => {\n  if (cy.wrap(acceptCookies).should('be.visible')) {\n    cy.wrap(acceptCookies).click();\n  }\n});\ncy.xpath(\"//input[@name='search.dateIn']\").click();\ncy.xpath(\"//*[@class='ui-datepicker-calendar']\").contains('26').click();\ncy.xpath(\"//input[@name='search.dateIn']\").should('have.value', '26/05/2022'); //  //    cy.xpath(\"//*[@class='burgerMenu__icon']\")",
              "err": {
                "message": "AssertionError: Timed out retrying after 4000ms: expected '<input#search-dateIn-boo.tArrivalDate.hasDatepicker>' to have value '26/05/2022', but the value was '26/06/2022'",
                "estack": "AssertionError: Timed out retrying after 4000ms: expected '<input#search-dateIn-boo.tArrivalDate.hasDatepicker>' to have value '26/05/2022', but the value was '26/06/2022'\n    at Context.eval (https://all.accor.com/__cypress/tests?p=cypress\\integration\\firstTest.spec.js:112:48)",
                "diff": "- '26/06/2022'\n+ '26/05/2022'\n"
              },
              "uuid": "1daf8ae4-2305-4da8-8c4b-362a4fe16669",
              "parentUUID": "3eea843b-5890-449a-b954-dda29863b3c4",
              "isHook": false,
              "skipped": false
            },
            {
              "title": "check click with list",
              "fullTitle": "First suite check click with list",
              "timedOut": null,
              "duration": 12221,
              "state": "passed",
              "speed": "slow",
              "pass": true,
              "fail": false,
              "pending": false,
              "context": null,
              "code": "cy.visit('https://rec2-all.accor.com/france/index.fr.shtml');\ncy.xpath(\"//button[@id='onetrust-accept-btn-handler']\").then(acceptCookies => {\n  if (cy.wrap(acceptCookies).should('be.visible')) {\n    cy.wrap(acceptCookies).click();\n  }\n});\ncy.xpath(\"//*[@class='burgerMenu__icon']\").click();\ncy.xpath(\"//*[contains(@class,'link-navigation__menu__link') and not(contains(@data-href,'my-bookings'))]\").then(menuLV1 => {\n  cy.wrap(menuLV1).first().trigger('mouseover').click();\n  cy.wrap(menuLV1).eq(2).trigger('mouseover');\n});",
              "err": {},
              "uuid": "a11d4a14-060b-4863-b4ee-d9997ce181e7",
              "parentUUID": "3eea843b-5890-449a-b954-dda29863b3c4",
              "isHook": false,
              "skipped": false
            },
            {
              "title": "check click with list2",
              "fullTitle": "First suite check click with list2",
              "timedOut": null,
              "duration": 10662,
              "state": "passed",
              "speed": "slow",
              "pass": true,
              "fail": false,
              "pending": false,
              "context": null,
              "code": "cy.visit('https://rec2-all.accor.com/france/index.fr.shtml');\ncy.xpath(\"//button[@id='onetrust-accept-btn-handler']\").then(acceptCookies => {\n  if (cy.wrap(acceptCookies).should('be.visible')) {\n    cy.wrap(acceptCookies).click();\n  }\n});\ncy.xpath(\"//*[@class='burgerMenu__icon']\").click();\ncy.xpath(\"//*[contains(@class,'link-navigation__menu__link') and not(contains(@data-href,'my-bookings'))]\").then(menuLV1 => {\n  cy.wrap(menuLV1).first().trigger('mouseover').click();\n});",
              "err": {},
              "uuid": "46215cd5-501d-42e2-96db-5dd21bfd1c14",
              "parentUUID": "3eea843b-5890-449a-b954-dda29863b3c4",
              "isHook": false,
              "skipped": false
            },
            {
              "title": "check click with list 3",
              "fullTitle": "First suite check click with list 3",
              "timedOut": null,
              "duration": 21200,
              "state": "passed",
              "speed": "slow",
              "pass": true,
              "fail": false,
              "pending": false,
              "context": null,
              "code": "cy.visit('https://rec2-all.accor.com/france/index.fr.shtml');\ncy.xpath(\"//button[@id='onetrust-accept-btn-handler']\").then(acceptCookies => {\n  if (cy.wrap(acceptCookies).should('be.visible')) {\n    cy.wrap(acceptCookies).click();\n  }\n});\ncy.xpath(\"//*[@class='burgerMenu__icon']\").click();\ncy.xpath(\"//*[contains(@class,'link-navigation__menu__link') and not(contains(@data-href,'my-bookings'))]\").then(menuLV1 => {\n  cy.wrap(menuLV1).first().trigger('mouseover').click();\n  cy.wrap(menuLV1).eq(2).trigger('mouseover');\n});",
              "err": {},
              "uuid": "d1d02290-4e4a-479b-8371-43070b84de93",
              "parentUUID": "3eea843b-5890-449a-b954-dda29863b3c4",
              "isHook": false,
              "skipped": false
            }
          ],
          "suites": [],
          "passes": [
            "a11d4a14-060b-4863-b4ee-d9997ce181e7",
            "46215cd5-501d-42e2-96db-5dd21bfd1c14",
            "d1d02290-4e4a-479b-8371-43070b84de93"
          ],
          "failures": [
            "1daf8ae4-2305-4da8-8c4b-362a4fe16669"
          ],
          "pending": [],
          "skipped": [],
          "duration": 73148,
          "root": false,
          "rootEmpty": false,
          "_timeout": 2000
        }
      ],
      "passes": [],
      "failures": [],
      "pending": [],
      "skipped": [],
      "duration": 0,
      "root": true,
      "rootEmpty": true,
      "_timeout": 2000
    }
  ],
  "meta": {
    "mocha": {
      "version": "7.0.1"
    },
    "mochawesome": {
      "options": {
        "quiet": false,
        "reportFilename": "mochawesome",
        "saveHtml": false,
        "saveJson": true,
        "consoleReporter": "spec",
        "useInlineDiffs": false,
        "code": true
      },
      "version": "7.1.3"
    },
    "marge": {
      "options": {
        "id": "default",
        "reportDir": "cypress/results/mochawesome",
        "overwrite": false,
        "html": false,
        "json": true
      },
      "version": "6.2.0"
    }
  }
}