{
  "stats": {
    "suites": 1,
    "tests": 1,
    "passes": 1,
    "pending": 0,
    "failures": 0,
    "start": "2022-06-01T08:43:11.527Z",
    "end": "2022-06-01T08:43:37.992Z",
    "duration": 26465,
    "testsRegistered": 1,
    "passPercent": 100,
    "pendingPercent": 0,
    "other": 0,
    "hasOther": false,
    "skipped": 0,
    "hasSkipped": false
  },
  "results": [
    {
      "uuid": "b60d0320-b406-4d2a-9966-166be9452a18",
      "title": "",
      "fullFile": "cypress/integration/testDataDriven.spec.js",
      "file": "cypress/integration/testDataDriven.spec.js",
      "beforeHooks": [],
      "afterHooks": [],
      "tests": [],
      "suites": [
        {
          "uuid": "6771e82a-9bdd-40ea-98ad-145185963e1b",
          "title": "First test with page object",
          "fullFile": "",
          "file": "",
          "beforeHooks": [],
          "afterHooks": [],
          "tests": [
            {
              "title": "first test",
              "fullTitle": "First test with page object first test",
              "timedOut": null,
              "duration": 26449,
              "state": "passed",
              "speed": "slow",
              "pass": true,
              "fail": false,
              "pending": false,
              "context": null,
              "code": "_searchEngine.searchEngine.fillDestination(this.signInData.destination);",
              "err": {},
              "uuid": "10bee36b-ab21-4592-8cd9-248952260c82",
              "parentUUID": "6771e82a-9bdd-40ea-98ad-145185963e1b",
              "isHook": false,
              "skipped": false
            }
          ],
          "suites": [],
          "passes": [
            "10bee36b-ab21-4592-8cd9-248952260c82"
          ],
          "failures": [],
          "pending": [],
          "skipped": [],
          "duration": 26449,
          "root": false,
          "rootEmpty": false,
          "_timeout": 2000
        }
      ],
      "passes": [],
      "failures": [],
      "pending": [],
      "skipped": [],
      "duration": 0,
      "root": true,
      "rootEmpty": true,
      "_timeout": 2000
    }
  ],
  "meta": {
    "mocha": {
      "version": "7.0.1"
    },
    "mochawesome": {
      "options": {
        "quiet": false,
        "reportFilename": "mochawesome",
        "saveHtml": false,
        "saveJson": true,
        "consoleReporter": "spec",
        "useInlineDiffs": false,
        "code": true
      },
      "version": "7.1.3"
    },
    "marge": {
      "options": {
        "id": "default",
        "reportDir": "cypress/results/mochawesome",
        "overwrite": false,
        "html": false,
        "json": true
      },
      "version": "6.2.0"
    }
  }
}