{
  "stats": {
    "suites": 1,
    "tests": 1,
    "passes": 1,
    "pending": 0,
    "failures": 0,
    "start": "2022-06-01T04:33:04.057Z",
    "end": "2022-06-01T04:33:37.299Z",
    "duration": 33242,
    "testsRegistered": 1,
    "passPercent": 100,
    "pendingPercent": 0,
    "other": 0,
    "hasOther": false,
    "skipped": 0,
    "hasSkipped": false
  },
  "results": [
    {
      "uuid": "6fd6b628-471c-4dc4-8a27-8beaae6dec0c",
      "title": "",
      "fullFile": "cypress/integration/testDataDriven.spec.js",
      "file": "cypress/integration/testDataDriven.spec.js",
      "beforeHooks": [],
      "afterHooks": [],
      "tests": [],
      "suites": [
        {
          "uuid": "4485caa5-cc89-4024-a350-59e791814454",
          "title": "First test with page object",
          "fullFile": "",
          "file": "",
          "beforeHooks": [],
          "afterHooks": [],
          "tests": [
            {
              "title": "first test",
              "fullTitle": "First test with page object first test",
              "timedOut": null,
              "duration": 33185,
              "state": "passed",
              "speed": "slow",
              "pass": true,
              "fail": false,
              "pending": false,
              "context": null,
              "code": "_searchEngine.searchEngine.fillDestination(this.signInData.destination);",
              "err": {},
              "uuid": "88917275-e8dd-4bd9-b0d9-52f381055113",
              "parentUUID": "4485caa5-cc89-4024-a350-59e791814454",
              "isHook": false,
              "skipped": false
            }
          ],
          "suites": [],
          "passes": [
            "88917275-e8dd-4bd9-b0d9-52f381055113"
          ],
          "failures": [],
          "pending": [],
          "skipped": [],
          "duration": 33185,
          "root": false,
          "rootEmpty": false,
          "_timeout": 2000
        }
      ],
      "passes": [],
      "failures": [],
      "pending": [],
      "skipped": [],
      "duration": 0,
      "root": true,
      "rootEmpty": true,
      "_timeout": 2000
    }
  ],
  "meta": {
    "mocha": {
      "version": "7.0.1"
    },
    "mochawesome": {
      "options": {
        "quiet": false,
        "reportFilename": "mochawesome",
        "saveHtml": false,
        "saveJson": true,
        "consoleReporter": "spec",
        "useInlineDiffs": false,
        "code": true
      },
      "version": "7.1.3"
    },
    "marge": {
      "options": {
        "id": "default",
        "reportDir": "cypress/results/mochawesome",
        "overwrite": false,
        "html": false,
        "json": true
      },
      "version": "6.2.0"
    }
  }
}