{
  "stats": {
    "suites": 1,
    "tests": 4,
    "passes": 3,
    "pending": 0,
    "failures": 1,
    "start": "2022-06-01T09:00:11.726Z",
    "end": "2022-06-01T09:01:26.185Z",
    "duration": 74459,
    "testsRegistered": 4,
    "passPercent": 75,
    "pendingPercent": 0,
    "other": 0,
    "hasOther": false,
    "skipped": 0,
    "hasSkipped": false
  },
  "results": [
    {
      "uuid": "f23f3b61-70ba-4d1a-9dae-ce80cfe5b984",
      "title": "",
      "fullFile": "cypress/integration/firstTest.spec.js",
      "file": "cypress/integration/firstTest.spec.js",
      "beforeHooks": [],
      "afterHooks": [],
      "tests": [],
      "suites": [
        {
          "uuid": "3710050d-061e-4f0d-bd25-1416233e39f0",
          "title": "First suite",
          "fullFile": "",
          "file": "",
          "beforeHooks": [],
          "afterHooks": [],
          "tests": [
            {
              "title": "check choose date in field",
              "fullTitle": "First suite check choose date in field",
              "timedOut": null,
              "duration": 33866,
              "state": "failed",
              "speed": null,
              "pass": false,
              "fail": true,
              "pending": false,
              "context": null,
              "code": "cy.visit('https://rec2-all.accor.com/france/index.fr.shtml');\ncy.xpath(\"//button[@id='onetrust-accept-btn-handler']\").then(acceptCookies => {\n  if (cy.wrap(acceptCookies).should('be.visible')) {\n    cy.wrap(acceptCookies).click();\n  }\n});\ncy.xpath(\"//input[@name='search.dateIn']\").click();\ncy.xpath(\"//*[@class='ui-datepicker-calendar']\").contains('26').click();\ncy.xpath(\"//input[@name='search.dateIn']\").should('have.value', '26/05/2022'); //  //    cy.xpath(\"//*[@class='burgerMenu__icon']\")",
              "err": {
                "message": "AssertionError: Timed out retrying after 4000ms: expected '<input#search-dateIn-boo.tArrivalDate.hasDatepicker>' to have value '26/05/2022', but the value was '26/06/2022'",
                "estack": "AssertionError: Timed out retrying after 4000ms: expected '<input#search-dateIn-boo.tArrivalDate.hasDatepicker>' to have value '26/05/2022', but the value was '26/06/2022'\n    at Context.eval (https://all.accor.com/__cypress/tests?p=cypress\\integration\\firstTest.spec.js:112:48)",
                "diff": "- '26/06/2022'\n+ '26/05/2022'\n"
              },
              "uuid": "5767b363-234b-4fc5-886c-640f816cfbcc",
              "parentUUID": "3710050d-061e-4f0d-bd25-1416233e39f0",
              "isHook": false,
              "skipped": false
            },
            {
              "title": "check click with list",
              "fullTitle": "First suite check click with list",
              "timedOut": null,
              "duration": 13457,
              "state": "passed",
              "speed": "slow",
              "pass": true,
              "fail": false,
              "pending": false,
              "context": null,
              "code": "cy.visit('https://rec2-all.accor.com/france/index.fr.shtml');\ncy.xpath(\"//button[@id='onetrust-accept-btn-handler']\").then(acceptCookies => {\n  if (cy.wrap(acceptCookies).should('be.visible')) {\n    cy.wrap(acceptCookies).click();\n  }\n});\ncy.xpath(\"//*[@class='burgerMenu__icon']\").click();\ncy.xpath(\"//*[contains(@class,'link-navigation__menu__link') and not(contains(@data-href,'my-bookings'))]\").then(menuLV1 => {\n  cy.wrap(menuLV1).first().trigger('mouseover').click();\n  cy.wrap(menuLV1).eq(2).trigger('mouseover');\n});",
              "err": {},
              "uuid": "28906d7a-ed2f-4fe6-81d6-053394f6a5ae",
              "parentUUID": "3710050d-061e-4f0d-bd25-1416233e39f0",
              "isHook": false,
              "skipped": false
            },
            {
              "title": "check click with list2",
              "fullTitle": "First suite check click with list2",
              "timedOut": null,
              "duration": 12030,
              "state": "passed",
              "speed": "slow",
              "pass": true,
              "fail": false,
              "pending": false,
              "context": null,
              "code": "cy.visit('https://rec2-all.accor.com/france/index.fr.shtml');\ncy.xpath(\"//button[@id='onetrust-accept-btn-handler']\").then(acceptCookies => {\n  if (cy.wrap(acceptCookies).should('be.visible')) {\n    cy.wrap(acceptCookies).click();\n  }\n});\ncy.xpath(\"//*[@class='burgerMenu__icon']\").click();\ncy.xpath(\"//*[contains(@class,'link-navigation__menu__link') and not(contains(@data-href,'my-bookings'))]\").then(menuLV1 => {\n  cy.wrap(menuLV1).first().trigger('mouseover').click();\n});",
              "err": {},
              "uuid": "1d290dc2-1cf9-407b-8cc4-bdc48628aeaa",
              "parentUUID": "3710050d-061e-4f0d-bd25-1416233e39f0",
              "isHook": false,
              "skipped": false
            },
            {
              "title": "check click with list 3",
              "fullTitle": "First suite check click with list 3",
              "timedOut": null,
              "duration": 14832,
              "state": "passed",
              "speed": "slow",
              "pass": true,
              "fail": false,
              "pending": false,
              "context": null,
              "code": "cy.visit('https://rec2-all.accor.com/france/index.fr.shtml');\ncy.xpath(\"//button[@id='onetrust-accept-btn-handler']\").then(acceptCookies => {\n  if (cy.wrap(acceptCookies).should('be.visible')) {\n    cy.wrap(acceptCookies).click();\n  }\n});\ncy.xpath(\"//*[@class='burgerMenu__icon']\").click();\ncy.xpath(\"//*[contains(@class,'link-navigation__menu__link') and not(contains(@data-href,'my-bookings'))]\").then(menuLV1 => {\n  cy.wrap(menuLV1).first().trigger('mouseover').click();\n  cy.wrap(menuLV1).eq(2).trigger('mouseover');\n});",
              "err": {},
              "uuid": "50339b36-f8bd-4213-b3e2-0239540f174d",
              "parentUUID": "3710050d-061e-4f0d-bd25-1416233e39f0",
              "isHook": false,
              "skipped": false
            }
          ],
          "suites": [],
          "passes": [
            "28906d7a-ed2f-4fe6-81d6-053394f6a5ae",
            "1d290dc2-1cf9-407b-8cc4-bdc48628aeaa",
            "50339b36-f8bd-4213-b3e2-0239540f174d"
          ],
          "failures": [
            "5767b363-234b-4fc5-886c-640f816cfbcc"
          ],
          "pending": [],
          "skipped": [],
          "duration": 74185,
          "root": false,
          "rootEmpty": false,
          "_timeout": 2000
        }
      ],
      "passes": [],
      "failures": [],
      "pending": [],
      "skipped": [],
      "duration": 0,
      "root": true,
      "rootEmpty": true,
      "_timeout": 2000
    }
  ],
  "meta": {
    "mocha": {
      "version": "7.0.1"
    },
    "mochawesome": {
      "options": {
        "quiet": false,
        "reportFilename": "mochawesome",
        "saveHtml": false,
        "saveJson": true,
        "consoleReporter": "spec",
        "useInlineDiffs": false,
        "code": true
      },
      "version": "7.1.3"
    },
    "marge": {
      "options": {
        "id": "default",
        "reportDir": "cypress/results/mochawesome",
        "overwrite": false,
        "html": false,
        "json": true
      },
      "version": "6.2.0"
    }
  }
}