<?xml version="1.0" encoding="UTF-8"?>
<testsuites name="Mocha Tests" time="56.4630" tests="1" failures="1">
  <testsuite name="Root Suite" timestamp="2022-05-27T10:47:39" tests="0" file="cypress/integration/testWithPageObjects.js" time="0.0000" failures="0">
  </testsuite>
  <testsuite name="First test with page object" timestamp="2022-05-27T10:47:39" tests="1" time="56.4460" failures="1">
    <testcase name="First test with page object first test" time="0.0000" classname="first test">
      <failure message="`cy.screenshot()` timed out waiting `30000ms` to complete." type="CypressError"><![CDATA[CypressError: `cy.screenshot()` timed out waiting `30000ms` to complete.
    at https://all.accor.com/__cypress/runner/cypress_runner.js:165578:81
    at tryCatcher (https://all.accor.com/__cypress/runner/cypress_runner.js:13022:23)
    at https://all.accor.com/__cypress/runner/cypress_runner.js:8144:41
    at tryCatcher (https://all.accor.com/__cypress/runner/cypress_runner.js:13022:23)
    at Promise._settlePromiseFromHandler (https://all.accor.com/__cypress/runner/cypress_runner.js:10957:31)
    at Promise._settlePromise (https://all.accor.com/__cypress/runner/cypress_runner.js:11014:18)
    at Promise._settlePromise0 (https://all.accor.com/__cypress/runner/cypress_runner.js:11059:10)
    at Promise._settlePromises (https://all.accor.com/__cypress/runner/cypress_runner.js:11135:18)
    at _drainQueueStep (https://all.accor.com/__cypress/runner/cypress_runner.js:7729:12)
    at _drainQueue (https://all.accor.com/__cypress/runner/cypress_runner.js:7722:9)
    at Async.../../node_modules/bluebird/js/release/async.js.Async._drainQueues (https://all.accor.com/__cypress/runner/cypress_runner.js:7738:5)
    at Async.drainQueues (https://all.accor.com/__cypress/runner/cypress_runner.js:7608:14)]]></failure>
    </testcase>
  </testsuite>
</testsuites>